[debug] [2025-07-09T14:17:39.928Z] ----------------------------------------------------------------------
[debug] [2025-07-09T14:17:39.929Z] Command:       /Users/akihiko.kigure/.nodebrew/node/v22.17.0/bin/node /Users/akihiko.kigure/.npm-global/bin/firebase emulators:start --only functions
[debug] [2025-07-09T14:17:39.930Z] CLI Version:   14.9.0
[debug] [2025-07-09T14:17:39.930Z] Platform:      darwin
[debug] [2025-07-09T14:17:39.930Z] Node Version:  v22.17.0
[debug] [2025-07-09T14:17:39.930Z] Time:          Wed Jul 09 2025 23:17:39 GMT+0900 (日本標準時)
[debug] [2025-07-09T14:17:39.930Z] ----------------------------------------------------------------------
[debug] 
[debug] [2025-07-09T14:17:40.023Z] > command requires scopes: ["email","openid","https://www.googleapis.com/auth/cloudplatformprojects.readonly","https://www.googleapis.com/auth/firebase","https://www.googleapis.com/auth/cloud-platform"]
[debug] [2025-07-09T14:17:40.024Z] > authorizing via signed-in user (akihiko.kigure@gmail.com)
[info] i  emulators: Starting emulators: functions {"metadata":{"emulator":{"name":"hub"},"message":"Starting emulators: functions"}}
[debug] [2025-07-09T14:17:40.257Z] [logging] Logging Emulator only supports listening on one address (127.0.0.1). Not listening on ::1
[debug] [2025-07-09T14:17:40.257Z] assigned listening specs for emulators {"user":{"hub":[{"address":"127.0.0.1","family":"IPv4","port":4400},{"address":"::1","family":"IPv6","port":4400}],"ui":[{"address":"127.0.0.1","family":"IPv4","port":4000},{"address":"::1","family":"IPv6","port":4000}],"logging":[{"address":"127.0.0.1","family":"IPv4","port":4500}]},"metadata":{"message":"assigned listening specs for emulators"}}
[debug] [2025-07-09T14:17:40.259Z] [hub] writing locator at /var/folders/fb/ww70j2nn1nv5l6x_663nnlfh0000gn/T/hub-completely-understood-vo-a0f23.json
[debug] [2025-07-09T14:17:40.496Z] [functions] Functions Emulator only supports listening on one address (127.0.0.1). Not listening on ::1
[debug] [2025-07-09T14:17:40.496Z] [eventarc] Eventarc Emulator only supports listening on one address (127.0.0.1). Not listening on ::1
[debug] [2025-07-09T14:17:40.496Z] [tasks] Cloud Tasks Emulator only supports listening on one address (127.0.0.1). Not listening on ::1
[debug] [2025-07-09T14:17:40.496Z] late-assigned ports for functions and eventarc emulators {"user":{"hub":[{"address":"127.0.0.1","family":"IPv4","port":4400},{"address":"::1","family":"IPv6","port":4400}],"ui":[{"address":"127.0.0.1","family":"IPv4","port":4000},{"address":"::1","family":"IPv6","port":4000}],"logging":[{"address":"127.0.0.1","family":"IPv4","port":4500}],"functions":[{"address":"127.0.0.1","family":"IPv4","port":5001}],"eventarc":[{"address":"127.0.0.1","family":"IPv4","port":9299}],"tasks":[{"address":"127.0.0.1","family":"IPv4","port":9499}]},"metadata":{"message":"late-assigned ports for functions and eventarc emulators"}}
[warn] ⚠  functions: The following emulators are not running, calls to these services from the Functions emulator will affect production: apphosting, auth, firestore, database, hosting, pubsub, storage, dataconnect {"metadata":{"emulator":{"name":"functions"},"message":"The following emulators are not running, calls to these services from the Functions emulator will affect production: \u001b[1mapphosting, auth, firestore, database, hosting, pubsub, storage, dataconnect\u001b[22m"}}
[debug] [2025-07-09T14:17:40.501Z] defaultcredentials: writing to file /Users/akihiko.kigure/.config/firebase/akihiko_kigure_gmail.com_application_default_credentials.json
[debug] [2025-07-09T14:17:40.502Z] Setting GAC to /Users/akihiko.kigure/.config/firebase/akihiko_kigure_gmail.com_application_default_credentials.json {"metadata":{"emulator":{"name":"functions"},"message":"Setting GAC to /Users/akihiko.kigure/.config/firebase/akihiko_kigure_gmail.com_application_default_credentials.json"}}
[debug] [2025-07-09T14:17:40.502Z] Checked if tokens are valid: true, expires at: 1752073782065
[debug] [2025-07-09T14:17:40.502Z] Checked if tokens are valid: true, expires at: 1752073782065
[debug] [2025-07-09T14:17:40.502Z] >>> [apiv2][query] GET https://firebase.googleapis.com/v1beta1/projects/completely-understood-vo-a0f23/adminSdkConfig [none]
[debug] [2025-07-09T14:17:41.035Z] <<< [apiv2][status] GET https://firebase.googleapis.com/v1beta1/projects/completely-understood-vo-a0f23/adminSdkConfig 200
[debug] [2025-07-09T14:17:41.036Z] <<< [apiv2][body] GET https://firebase.googleapis.com/v1beta1/projects/completely-understood-vo-a0f23/adminSdkConfig {"projectId":"completely-understood-vo-a0f23","storageBucket":"completely-understood-vo-a0f23.firebasestorage.app"}
[info] i  functions: Watching "/Users/akihiko.kigure/work/completely-understood-vol61/functions" for Cloud Functions... {"metadata":{"emulator":{"name":"functions"},"message":"Watching \"/Users/akihiko.kigure/work/completely-understood-vol61/functions\" for Cloud Functions..."}}
[debug] [2025-07-09T14:17:41.059Z] Validating nodejs source
[debug] [2025-07-09T14:17:41.348Z] > [functions] package.json contents: {
  "name": "functions",
  "scripts": {
    "lint": "eslint --ext .js,.ts .",
    "build": "tsc",
    "build:watch": "tsc --watch",
    "serve": "npm run build && firebase emulators:start --only functions",
    "shell": "npm run build && firebase functions:shell",
    "start": "npm run shell",
    "deploy": "firebase deploy --only functions",
    "logs": "firebase functions:log"
  },
  "engines": {
    "node": "22"
  },
  "main": "lib/index.js",
  "dependencies": {
    "cors": "^2.8.5",
    "firebase-admin": "^12.6.0",
    "firebase-functions": "^6.0.1"
  },
  "devDependencies": {
    "@typescript-eslint/eslint-plugin": "^5.12.0",
    "@typescript-eslint/parser": "^5.12.0",
    "eslint": "^8.9.0",
    "eslint-config-google": "^0.14.0",
    "eslint-plugin-import": "^2.25.4",
    "firebase-functions-test": "^3.1.0",
    "typescript": "^5.7.3"
  },
  "private": true
}
[error] ⬢  functions: Failed to load function definition from source: FirebaseError: There was an error reading functions/package.json:

 functions/lib/index.js does not exist, can't deploy Cloud Functions {"metadata":{"emulator":{"name":"functions"},"message":"Failed to load function definition from source: FirebaseError: There was an error reading functions/package.json:\n\n functions/lib/index.js does not exist, can't deploy Cloud Functions"}}
[debug] [2025-07-09T14:17:41.354Z] Could not find VSCode notification endpoint: FetchError: request to http://localhost:40001/vscode/notify failed, reason: . If you are not running the Firebase Data Connect VSCode extension, this is expected and not an issue.
[info] 
┌─────────────────────────────────────────────────────────────┐
│ ✔  All emulators ready! It is now safe to connect your app. │
│ i  View Emulator UI at http://127.0.0.1:4000/               │
└─────────────────────────────────────────────────────────────┘

┌───────────┬────────────────┬─────────────────────────────────┐
│ Emulator  │ Host:Port      │ View in Emulator UI             │
├───────────┼────────────────┼─────────────────────────────────┤
│ Functions │ 127.0.0.1:5001 │ http://127.0.0.1:4000/functions │
└───────────┴────────────────┴─────────────────────────────────┘
  Emulator Hub host: 127.0.0.1 port: 4400
  Other reserved ports: 4500

Issues? Report them at https://github.com/firebase/firebase-tools/issues and attach the *-debug.log files.
 
[debug] [2025-07-09T14:17:48.952Z] [work-queue] {"queuedWork":["/completely-understood-vo-a0f23/us-central1/api-2025-07-09T14:17:48.952Z"],"queueLength":1,"runningWork":[],"workRunningCount":0}
[debug] [2025-07-09T14:17:48.953Z] [work-queue] {"queuedWork":[],"queueLength":0,"runningWork":["/completely-understood-vo-a0f23/us-central1/api-2025-07-09T14:17:48.952Z"],"workRunningCount":1}
[debug] [2025-07-09T14:17:48.954Z] [work-queue] {"queuedWork":[],"queueLength":0,"runningWork":[],"workRunningCount":0}
[debug] [2025-07-09T14:18:01.195Z] Functions emulator received unknown request at path /
[debug] [2025-07-09T14:18:30.881Z] File /Users/akihiko.kigure/work/completely-understood-vol61/functions/lib/functions/src/index.js.map changed, reloading triggers {"metadata":{"emulator":{"name":"functions"},"message":"File /Users/akihiko.kigure/work/completely-understood-vol61/functions/lib/functions/src/index.js.map changed, reloading triggers"}}
[debug] [2025-07-09T14:18:30.882Z] File /Users/akihiko.kigure/work/completely-understood-vol61/functions/lib/functions/src/index.js changed, reloading triggers {"metadata":{"emulator":{"name":"functions"},"message":"File /Users/akihiko.kigure/work/completely-understood-vol61/functions/lib/functions/src/index.js changed, reloading triggers"}}
[debug] [2025-07-09T14:18:31.883Z] Validating nodejs source
[debug] [2025-07-09T14:18:32.211Z] > [functions] package.json contents: {
  "name": "functions",
  "scripts": {
    "lint": "eslint --ext .js,.ts .",
    "build": "tsc",
    "build:watch": "tsc --watch",
    "serve": "npm run build && firebase emulators:start --only functions",
    "shell": "npm run build && firebase functions:shell",
    "start": "npm run shell",
    "deploy": "firebase deploy --only functions",
    "logs": "firebase functions:log"
  },
  "engines": {
    "node": "22"
  },
  "main": "lib/index.js",
  "dependencies": {
    "cors": "^2.8.5",
    "firebase-admin": "^12.6.0",
    "firebase-functions": "^6.0.1"
  },
  "devDependencies": {
    "@typescript-eslint/eslint-plugin": "^5.12.0",
    "@typescript-eslint/parser": "^5.12.0",
    "eslint": "^8.9.0",
    "eslint-config-google": "^0.14.0",
    "eslint-plugin-import": "^2.25.4",
    "firebase-functions-test": "^3.1.0",
    "typescript": "^5.7.3"
  },
  "private": true
}
[error] ⬢  functions: Failed to load function definition from source: FirebaseError: There was an error reading functions/package.json:

 functions/lib/index.js does not exist, can't deploy Cloud Functions {"metadata":{"emulator":{"name":"functions"},"message":"Failed to load function definition from source: FirebaseError: There was an error reading functions/package.json:\n\n functions/lib/index.js does not exist, can't deploy Cloud Functions"}}
[debug] [2025-07-09T14:18:43.538Z] File /Users/akihiko.kigure/work/completely-understood-vol61/functions/package.json changed, reloading triggers {"metadata":{"emulator":{"name":"functions"},"message":"File /Users/akihiko.kigure/work/completely-understood-vol61/functions/package.json changed, reloading triggers"}}
[debug] [2025-07-09T14:18:44.540Z] Validating nodejs source
[debug] [2025-07-09T14:18:44.831Z] > [functions] package.json contents: {
  "name": "functions",
  "scripts": {
    "lint": "eslint --ext .js,.ts .",
    "build": "tsc",
    "build:watch": "tsc --watch",
    "serve": "npm run build && firebase emulators:start --only functions",
    "shell": "npm run build && firebase functions:shell",
    "start": "npm run shell",
    "deploy": "firebase deploy --only functions",
    "logs": "firebase functions:log"
  },
  "engines": {
    "node": "22"
  },
  "main": "lib/functions/src/index.js",
  "dependencies": {
    "cors": "^2.8.5",
    "firebase-admin": "^12.6.0",
    "firebase-functions": "^6.0.1"
  },
  "devDependencies": {
    "@typescript-eslint/eslint-plugin": "^5.12.0",
    "@typescript-eslint/parser": "^5.12.0",
    "eslint": "^8.9.0",
    "eslint-config-google": "^0.14.0",
    "eslint-plugin-import": "^2.25.4",
    "firebase-functions-test": "^3.1.0",
    "typescript": "^5.7.3"
  },
  "private": true
}
[debug] [2025-07-09T14:18:44.831Z] Building nodejs source
[debug] [2025-07-09T14:18:44.831Z] Failed to find version of module node: reached end of search path /Users/akihiko.kigure/work/completely-understood-vol61/functions/node_modules
[info] ✔  functions: Using node@22 from host. 
[debug] [2025-07-09T14:18:44.833Z] Could not find functions.yaml. Must use http discovery
[debug] [2025-07-09T14:18:44.836Z] Found firebase-functions binary at '/Users/akihiko.kigure/work/completely-understood-vol61/functions/node_modules/.bin/firebase-functions'
[info] Serving at port 8974

[debug] [2025-07-09T14:18:45.137Z] Got response from /__/functions.yaml {"endpoints":{"double":{"availableMemoryMb":null,"timeoutSeconds":null,"minInstances":null,"maxInstances":10,"ingressSettings":null,"concurrency":null,"serviceAccountEmail":null,"vpc":null,"platform":"gcfv2","labels":{},"httpsTrigger":{},"entryPoint":"double"},"api":{"availableMemoryMb":null,"timeoutSeconds":null,"minInstances":null,"maxInstances":10,"ingressSettings":null,"concurrency":null,"serviceAccountEmail":null,"vpc":null,"platform":"gcfv2","labels":{},"httpsTrigger":{},"entryPoint":"api"}},"specVersion":"v1alpha1","requiredAPIs":[],"extensions":{}}
[debug] [2025-07-09T14:18:49.007Z] Received signal SIGTERM 1
[info]  
[info] i  emulators: Received SIGTERM for the first time. Starting a clean shutdown. 
[info] i  emulators: Please wait for a clean shutdown or send the SIGTERM signal again to stop right now. 
[info] i  emulators: Shutting down emulators. {"metadata":{"emulator":{"name":"hub"},"message":"Shutting down emulators."}}
[info] i  ui: Stopping Emulator UI {"metadata":{"emulator":{"name":"ui"},"message":"Stopping Emulator UI"}}
[info] i  functions: Stopping Functions Emulator {"metadata":{"emulator":{"name":"functions"},"message":"Stopping Functions Emulator"}}
[info] i  eventarc: Stopping Eventarc Emulator {"metadata":{"emulator":{"name":"eventarc"},"message":"Stopping Eventarc Emulator"}}
[info] i  tasks: Stopping Cloud Tasks Emulator {"metadata":{"emulator":{"name":"tasks"},"message":"Stopping Cloud Tasks Emulator"}}
[info] i  hub: Stopping emulator hub {"metadata":{"emulator":{"name":"hub"},"message":"Stopping emulator hub"}}
[info] i  logging: Stopping Logging Emulator {"metadata":{"emulator":{"name":"logging"},"message":"Stopping Logging Emulator"}}
[debug] [2025-07-09T14:18:49.010Z] Could not find VSCode notification endpoint: FetchError: request to http://localhost:40001/vscode/notify failed, reason: . If you are not running the Firebase Data Connect VSCode extension, this is expected and not an issue.
[info] ✔  functions: Loaded functions definitions from source: double, api. {"metadata":{"emulator":{"name":"functions"},"message":"Loaded functions definitions from source: double, api."}}
[debug] [2025-07-09T14:18:49.160Z] Error: Cannot determine host and port of functions
    at EmulatorRegistry.url (/Users/akihiko.kigure/.npm-global/lib/node_modules/firebase-tools/lib/emulator/registry.js:114:19)
    at FunctionsEmulator.getHttpFunctionUrl (/Users/akihiko.kigure/.npm-global/lib/node_modules/firebase-tools/lib/emulator/functionsEmulator.js:71:47)
    at FunctionsEmulator.loadTriggers (/Users/akihiko.kigure/.npm-global/lib/node_modules/firebase-tools/lib/emulator/functionsEmulator.js:405:41)
    at process.processTicksAndRejections (node:internal/process/task_queues:105:5)
[error] 
[error] Error: An unexpected error has occurred.
